<?xml version="1.0" encoding="UTF-8"?>
<!-- Generated by org.testng.reporters.JUnitXMLReporter -->
<testsuite ignored="0" hostname="DESKTOP-KS4UTAQ" failures="0" tests="1" name="Test" time="13.269" errors="0" timestamp="2022-03-28T19:55:43 IST">
  <testcase classname="POM_DDF_TestNG.kitelogintest" name="@AfterClass closeBrowser" time="2.001">
    <failure type="java.lang.NullPointerException" message="Cannot invoke &amp;quot;org.openqa.selenium.WebDriver.close()&amp;quot; because &amp;quot;this.driver&amp;quot; is null">
      <![CDATA[java.lang.NullPointerException: Cannot invoke "org.openqa.selenium.WebDriver.close()" because "this.driver" is null
at POM_DDF_TestNG.kitelogintest.closeBrowser(kitelogintest.java:81)
at java.base/java.util.ArrayList.forEach(ArrayList.java:1511)
... Removed 25 stack frames]]>
    </failure>
  </testcase> <!-- @AfterClass closeBrowser -->
  <testcase classname="POM_DDF_TestNG.kitelogintest" name="verifyuserID" time="1.342"/>
</testsuite> <!-- Test -->
